[00:05:11] [IO-Worker-16/INFO] (Minecraft) System default audio device has changed!
[00:05:11] [Render thread/WARN] (Minecraft) Missing sound for event: minecraft:item.goat_horn.play
[00:05:11] [Render thread/WARN] (Minecraft) Missing sound for event: minecraft:entity.goat.screaming.horn_break
[00:05:11] [Render thread/INFO] (Minecraft) OpenAL initialized on device OpenAL Soft on 1 - XF273 S (AMD High Definition Audio Device)
[00:05:11] [Render thread/INFO] (Minecraft) Sound engine started
[00:05:23] [Render thread/ERROR] (Moonlight) Could not find resource nookcranny:loot_tables/blocks/oak_table.json
[00:05:23] [Render thread/ERROR] (Every Compat) Failed to generate recipes for template at location nookcranny:oak_table 
javax.management.openmbean.InvalidOpenTypeException: Failed to get recipe at nookcranny:recipes/oak_table.json: java.util.NoSuchElementException: No value present
	at net.mehvahdjukaar.moonlight.api.resources.RPUtils.readRecipeAsTemplate(RPUtils.java:249) ~[selene-499980-5666908.jar:?]
	at net.mehvahdjukaar.every_compat.misc.ResourcesUtils.addBlocksRecipes(ResourcesUtils.java:348) ~[every-compat-628539-5670282.jar:?]
	at net.mehvahdjukaar.every_compat.api.AbstractSimpleEntrySet.generateRecipes(AbstractSimpleEntrySet.java:228) ~[every-compat-628539-5670282.jar:?]
	at net.mehvahdjukaar.every_compat.api.SimpleModule.lambda$addDynamicServerResources$7(SimpleModule.java:99) ~[every-compat-628539-5670282.jar:?]
	at java.util.LinkedHashMap$LinkedValues.forEach(LinkedHashMap.java:647) ~[?:?]
	at net.mehvahdjukaar.every_compat.api.SimpleModule.addDynamicServerResources(SimpleModule.java:97) ~[every-compat-628539-5670282.jar:?]
	at net.mehvahdjukaar.every_compat.dynamicpack.ServerDynamicResourcesHandler.lambda$regenerateDynamicAssets$0(ServerDynamicResourcesHandler.java:40) ~[every-compat-628539-5670282.jar:?]
	at java.lang.Iterable.forEach(Iterable.java:75) ~[?:?]
	at net.mehvahdjukaar.every_compat.EveryCompat.forAllModules(EveryCompat.java:80) ~[every-compat-628539-5670282.jar:?]
	at net.mehvahdjukaar.every_compat.dynamicpack.ServerDynamicResourcesHandler.regenerateDynamicAssets(ServerDynamicResourcesHandler.java:38) ~[every-compat-628539-5670282.jar:?]
	at net.mehvahdjukaar.moonlight.api.resources.pack.DynResourceGenerator.reloadResources(DynResourceGenerator.java:129) ~[selene-499980-5666908.jar:?]
	at net.mehvahdjukaar.moonlight.api.resources.pack.DynResourceGenerator.onEarlyReload(DynResourceGenerator.java:83) ~[selene-499980-5666908.jar:?]
	at net.mehvahdjukaar.moonlight.api.events.fabric.MoonlightEventsHelperImpl.lambda$postEvent$1(MoonlightEventsHelperImpl.java:27) ~[selene-499980-5666908.jar:?]
	at java.util.concurrent.ConcurrentLinkedDeque.forEach(ConcurrentLinkedDeque.java:1650) ~[?:?]
	at net.mehvahdjukaar.moonlight.api.events.fabric.MoonlightEventsHelperImpl.postEvent(MoonlightEventsHelperImpl.java:27) ~[selene-499980-5666908.jar:?]
	at net.mehvahdjukaar.moonlight.api.events.MoonlightEventsHelper.postEvent(MoonlightEventsHelper.java) ~[selene-499980-5666908.jar:?]
	at net.minecraft.server.packs.resources.MultiPackResourceManager.handler$zkp000$moonlight$dynamicPackEarlyReload(MultiPackResourceManager.java:544) ~[minecraft-merged-fd40c7c13b-1.20.1-loom.mappings.1_20_1.layered+hash.2198-v2.jar:?]
	at net.minecraft.server.packs.resources.MultiPackResourceManager.<init>(MultiPackResourceManager.java:60) ~[minecraft-merged-fd40c7c13b-1.20.1-loom.mappings.1_20_1.layered+hash.2198-v2.jar:?]
	at net.minecraft.server.WorldLoader$PackConfig.createResourceManager(WorldLoader.java:104) ~[minecraft-merged-fd40c7c13b-1.20.1-loom.mappings.1_20_1.layered+hash.2198-v2.jar:?]
	at net.minecraft.server.WorldLoader.load(WorldLoader.java:29) ~[minecraft-merged-fd40c7c13b-1.20.1-loom.mappings.1_20_1.layered+hash.2198-v2.jar:?]
	at net.minecraft.client.gui.screens.worldselection.WorldOpenFlows.loadWorldDataBlocking(WorldOpenFlows.java:187) ~[minecraft-merged-fd40c7c13b-1.20.1-loom.mappings.1_20_1.layered+hash.2198-v2.jar:?]
	at net.minecraft.client.gui.screens.worldselection.WorldOpenFlows.loadWorldStem(WorldOpenFlows.java:123) ~[minecraft-merged-fd40c7c13b-1.20.1-loom.mappings.1_20_1.layered+hash.2198-v2.jar:?]
	at net.minecraft.client.gui.screens.worldselection.WorldOpenFlows.doLoadLevel(WorldOpenFlows.java:202) ~[minecraft-merged-fd40c7c13b-1.20.1-loom.mappings.1_20_1.layered+hash.2198-v2.jar:?]
	at net.minecraft.client.gui.screens.worldselection.WorldOpenFlows.loadLevel(WorldOpenFlows.java:64) ~[minecraft-merged-fd40c7c13b-1.20.1-loom.mappings.1_20_1.layered+hash.2198-v2.jar:?]
	at net.minecraft.client.gui.screens.worldselection.WorldSelectionList$WorldListEntry.loadWorld(WorldSelectionList.java:590) ~[minecraft-merged-fd40c7c13b-1.20.1-loom.mappings.1_20_1.layered+hash.2198-v2.jar:?]
	at net.minecraft.client.gui.screens.worldselection.WorldSelectionList$WorldListEntry.joinWorld(WorldSelectionList.java:480) ~[minecraft-merged-fd40c7c13b-1.20.1-loom.mappings.1_20_1.layered+hash.2198-v2.jar:?]
	at net.minecraft.client.gui.screens.worldselection.WorldSelectionList$WorldListEntry.mouseClicked(WorldSelectionList.java:407) ~[minecraft-merged-fd40c7c13b-1.20.1-loom.mappings.1_20_1.layered+hash.2198-v2.jar:?]
	at net.minecraft.client.gui.components.AbstractSelectionList.mouseClicked(AbstractSelectionList.java:327) ~[minecraft-merged-fd40c7c13b-1.20.1-loom.mappings.1_20_1.layered+hash.2198-v2.jar:?]
	at net.minecraft.client.gui.components.events.ContainerEventHandler.mouseClicked(ContainerEventHandler.java:38) ~[minecraft-merged-fd40c7c13b-1.20.1-loom.mappings.1_20_1.layered+hash.2198-v2.jar:?]
	at net.minecraft.client.MouseHandler.method_1611(MouseHandler.java:98) ~[minecraft-merged-fd40c7c13b-1.20.1-loom.mappings.1_20_1.layered+hash.2198-v2.jar:?]
	at net.minecraft.client.gui.screens.Screen.wrapScreenError(Screen.java:409) ~[minecraft-merged-fd40c7c13b-1.20.1-loom.mappings.1_20_1.layered+hash.2198-v2.jar:?]
	at net.minecraft.client.MouseHandler.onPress(MouseHandler.java:98) ~[minecraft-merged-fd40c7c13b-1.20.1-loom.mappings.1_20_1.layered+hash.2198-v2.jar:?]
	at net.minecraft.client.MouseHandler.method_22686(MouseHandler.java:169) ~[minecraft-merged-fd40c7c13b-1.20.1-loom.mappings.1_20_1.layered+hash.2198-v2.jar:?]
	at net.minecraft.util.thread.BlockableEventLoop.execute(BlockableEventLoop.java:102) ~[minecraft-merged-fd40c7c13b-1.20.1-loom.mappings.1_20_1.layered+hash.2198-v2.jar:?]
	at net.minecraft.client.MouseHandler.method_22684(MouseHandler.java:169) ~[minecraft-merged-fd40c7c13b-1.20.1-loom.mappings.1_20_1.layered+hash.2198-v2.jar:?]
	at org.lwjgl.glfw.GLFWMouseButtonCallbackI.callback(GLFWMouseButtonCallbackI.java:43) ~[lwjgl-glfw-3.3.1.jar:build 7]
	at org.lwjgl.system.JNI.invokeV(Native Method) ~[lwjgl-3.3.1.jar:build 7]
	at org.lwjgl.glfw.GLFW.glfwWaitEventsTimeout(GLFW.java:3474) ~[lwjgl-glfw-3.3.1.jar:build 7]
	at com.mojang.blaze3d.systems.RenderSystem.limitDisplayFPS(RenderSystem.java:237) ~[minecraft-merged-fd40c7c13b-1.20.1-loom.mappings.1_20_1.layered+hash.2198-v2.jar:?]
	at net.minecraft.client.Minecraft.runTick(Minecraft.java:1244) ~[minecraft-merged-fd40c7c13b-1.20.1-loom.mappings.1_20_1.layered+hash.2198-v2.jar:?]
	at net.minecraft.client.Minecraft.run(Minecraft.java:802) ~[minecraft-merged-fd40c7c13b-1.20.1-loom.mappings.1_20_1.layered+hash.2198-v2.jar:?]
	at net.minecraft.client.main.Main.main(Main.java:250) ~[minecraft-merged-fd40c7c13b-1.20.1-loom.mappings.1_20_1.layered+hash.2198-v2.jar:?]
	at net.fabricmc.loader.impl.game.minecraft.MinecraftGameProvider.launch(MinecraftGameProvider.java:470) ~[fabric-loader-0.15.3.jar:?]
	at net.fabricmc.loader.impl.launch.knot.Knot.launch(Knot.java:74) ~[fabric-loader-0.15.3.jar:?]
	at net.fabricmc.loader.impl.launch.knot.KnotClient.main(KnotClient.java:23) ~[fabric-loader-0.15.3.jar:?]
	at net.fabricmc.devlaunchinjector.Main.main(Main.java:86) ~[dev-launch-injector-0.2.1+build.8.jar:?]
[00:05:23] [Render thread/ERROR] (Moonlight) Could not find resource nookcranny:loot_tables/blocks/oak_chair.json
[00:05:23] [Render thread/ERROR] (Every Compat) Failed to generate recipes for template at location nookcranny:oak_chair 
javax.management.openmbean.InvalidOpenTypeException: Failed to get recipe at nookcranny:recipes/oak_chair.json: java.util.NoSuchElementException: No value present
	at net.mehvahdjukaar.moonlight.api.resources.RPUtils.readRecipeAsTemplate(RPUtils.java:249) ~[selene-499980-5666908.jar:?]
	at net.mehvahdjukaar.every_compat.misc.ResourcesUtils.addBlocksRecipes(ResourcesUtils.java:348) ~[every-compat-628539-5670282.jar:?]
	at net.mehvahdjukaar.every_compat.api.AbstractSimpleEntrySet.generateRecipes(AbstractSimpleEntrySet.java:228) ~[every-compat-628539-5670282.jar:?]
	at net.mehvahdjukaar.every_compat.api.SimpleModule.lambda$addDynamicServerResources$7(SimpleModule.java:99) ~[every-compat-628539-5670282.jar:?]
	at java.util.LinkedHashMap$LinkedValues.forEach(LinkedHashMap.java:647) ~[?:?]
	at net.mehvahdjukaar.every_compat.api.SimpleModule.addDynamicServerResources(SimpleModule.java:97) ~[every-compat-628539-5670282.jar:?]
	at net.mehvahdjukaar.every_compat.dynamicpack.ServerDynamicResourcesHandler.lambda$regenerateDynamicAssets$0(ServerDynamicResourcesHandler.java:40) ~[every-compat-628539-5670282.jar:?]
	at java.lang.Iterable.forEach(Iterable.java:75) ~[?:?]
	at net.mehvahdjukaar.every_compat.EveryCompat.forAllModules(EveryCompat.java:80) ~[every-compat-628539-5670282.jar:?]
	at net.mehvahdjukaar.every_compat.dynamicpack.ServerDynamicResourcesHandler.regenerateDynamicAssets(ServerDynamicResourcesHandler.java:38) ~[every-compat-628539-5670282.jar:?]
	at net.mehvahdjukaar.moonlight.api.resources.pack.DynResourceGenerator.reloadResources(DynResourceGenerator.java:129) ~[selene-499980-5666908.jar:?]
	at net.mehvahdjukaar.moonlight.api.resources.pack.DynResourceGenerator.onEarlyReload(DynResourceGenerator.java:83) ~[selene-499980-5666908.jar:?]
	at net.mehvahdjukaar.moonlight.api.events.fabric.MoonlightEventsHelperImpl.lambda$postEvent$1(MoonlightEventsHelperImpl.java:27) ~[selene-499980-5666908.jar:?]
	at java.util.concurrent.ConcurrentLinkedDeque.forEach(ConcurrentLinkedDeque.java:1650) ~[?:?]
	at net.mehvahdjukaar.moonlight.api.events.fabric.MoonlightEventsHelperImpl.postEvent(MoonlightEventsHelperImpl.java:27) ~[selene-499980-5666908.jar:?]
	at net.mehvahdjukaar.moonlight.api.events.MoonlightEventsHelper.postEvent(MoonlightEventsHelper.java) ~[selene-499980-5666908.jar:?]
	at net.minecraft.server.packs.resources.MultiPackResourceManager.handler$zkp000$moonlight$dynamicPackEarlyReload(MultiPackResourceManager.java:544) ~[minecraft-merged-fd40c7c13b-1.20.1-loom.mappings.1_20_1.layered+hash.2198-v2.jar:?]
	at net.minecraft.server.packs.resources.MultiPackResourceManager.<init>(MultiPackResourceManager.java:60) ~[minecraft-merged-fd40c7c13b-1.20.1-loom.mappings.1_20_1.layered+hash.2198-v2.jar:?]
	at net.minecraft.server.WorldLoader$PackConfig.createResourceManager(WorldLoader.java:104) ~[minecraft-merged-fd40c7c13b-1.20.1-loom.mappings.1_20_1.layered+hash.2198-v2.jar:?]
	at net.minecraft.server.WorldLoader.load(WorldLoader.java:29) ~[minecraft-merged-fd40c7c13b-1.20.1-loom.mappings.1_20_1.layered+hash.2198-v2.jar:?]
	at net.minecraft.client.gui.screens.worldselection.WorldOpenFlows.loadWorldDataBlocking(WorldOpenFlows.java:187) ~[minecraft-merged-fd40c7c13b-1.20.1-loom.mappings.1_20_1.layered+hash.2198-v2.jar:?]
	at net.minecraft.client.gui.screens.worldselection.WorldOpenFlows.loadWorldStem(WorldOpenFlows.java:123) ~[minecraft-merged-fd40c7c13b-1.20.1-loom.mappings.1_20_1.layered+hash.2198-v2.jar:?]
	at net.minecraft.client.gui.screens.worldselection.WorldOpenFlows.doLoadLevel(WorldOpenFlows.java:202) ~[minecraft-merged-fd40c7c13b-1.20.1-loom.mappings.1_20_1.layered+hash.2198-v2.jar:?]
	at net.minecraft.client.gui.screens.worldselection.WorldOpenFlows.loadLevel(WorldOpenFlows.java:64) ~[minecraft-merged-fd40c7c13b-1.20.1-loom.mappings.1_20_1.layered+hash.2198-v2.jar:?]
	at net.minecraft.client.gui.screens.worldselection.WorldSelectionList$WorldListEntry.loadWorld(WorldSelectionList.java:590) ~[minecraft-merged-fd40c7c13b-1.20.1-loom.mappings.1_20_1.layered+hash.2198-v2.jar:?]
	at net.minecraft.client.gui.screens.worldselection.WorldSelectionList$WorldListEntry.joinWorld(WorldSelectionList.java:480) ~[minecraft-merged-fd40c7c13b-1.20.1-loom.mappings.1_20_1.layered+hash.2198-v2.jar:?]
	at net.minecraft.client.gui.screens.worldselection.WorldSelectionList$WorldListEntry.mouseClicked(WorldSelectionList.java:407) ~[minecraft-merged-fd40c7c13b-1.20.1-loom.mappings.1_20_1.layered+hash.2198-v2.jar:?]
	at net.minecraft.client.gui.components.AbstractSelectionList.mouseClicked(AbstractSelectionList.java:327) ~[minecraft-merged-fd40c7c13b-1.20.1-loom.mappings.1_20_1.layered+hash.2198-v2.jar:?]
	at net.minecraft.client.gui.components.events.ContainerEventHandler.mouseClicked(ContainerEventHandler.java:38) ~[minecraft-merged-fd40c7c13b-1.20.1-loom.mappings.1_20_1.layered+hash.2198-v2.jar:?]
	at net.minecraft.client.MouseHandler.method_1611(MouseHandler.java:98) ~[minecraft-merged-fd40c7c13b-1.20.1-loom.mappings.1_20_1.layered+hash.2198-v2.jar:?]
	at net.minecraft.client.gui.screens.Screen.wrapScreenError(Screen.java:409) ~[minecraft-merged-fd40c7c13b-1.20.1-loom.mappings.1_20_1.layered+hash.2198-v2.jar:?]
	at net.minecraft.client.MouseHandler.onPress(MouseHandler.java:98) ~[minecraft-merged-fd40c7c13b-1.20.1-loom.mappings.1_20_1.layered+hash.2198-v2.jar:?]
	at net.minecraft.client.MouseHandler.method_22686(MouseHandler.java:169) ~[minecraft-merged-fd40c7c13b-1.20.1-loom.mappings.1_20_1.layered+hash.2198-v2.jar:?]
	at net.minecraft.util.thread.BlockableEventLoop.execute(BlockableEventLoop.java:102) ~[minecraft-merged-fd40c7c13b-1.20.1-loom.mappings.1_20_1.layered+hash.2198-v2.jar:?]
	at net.minecraft.client.MouseHandler.method_22684(MouseHandler.java:169) ~[minecraft-merged-fd40c7c13b-1.20.1-loom.mappings.1_20_1.layered+hash.2198-v2.jar:?]
	at org.lwjgl.glfw.GLFWMouseButtonCallbackI.callback(GLFWMouseButtonCallbackI.java:43) ~[lwjgl-glfw-3.3.1.jar:build 7]
	at org.lwjgl.system.JNI.invokeV(Native Method) ~[lwjgl-3.3.1.jar:build 7]
	at org.lwjgl.glfw.GLFW.glfwWaitEventsTimeout(GLFW.java:3474) ~[lwjgl-glfw-3.3.1.jar:build 7]
	at com.mojang.blaze3d.systems.RenderSystem.limitDisplayFPS(RenderSystem.java:237) ~[minecraft-merged-fd40c7c13b-1.20.1-loom.mappings.1_20_1.layered+hash.2198-v2.jar:?]
	at net.minecraft.client.Minecraft.runTick(Minecraft.java:1244) ~[minecraft-merged-fd40c7c13b-1.20.1-loom.mappings.1_20_1.layered+hash.2198-v2.jar:?]
	at net.minecraft.client.Minecraft.run(Minecraft.java:802) ~[minecraft-merged-fd40c7c13b-1.20.1-loom.mappings.1_20_1.layered+hash.2198-v2.jar:?]
	at net.minecraft.client.main.Main.main(Main.java:250) ~[minecraft-merged-fd40c7c13b-1.20.1-loom.mappings.1_20_1.layered+hash.2198-v2.jar:?]
	at net.fabricmc.loader.impl.game.minecraft.MinecraftGameProvider.launch(MinecraftGameProvider.java:470) ~[fabric-loader-0.15.3.jar:?]
	at net.fabricmc.loader.impl.launch.knot.Knot.launch(Knot.java:74) ~[fabric-loader-0.15.3.jar:?]
	at net.fabricmc.loader.impl.launch.knot.KnotClient.main(KnotClient.java:23) ~[fabric-loader-0.15.3.jar:?]
	at net.fabricmc.devlaunchinjector.Main.main(Main.java:86) ~[dev-launch-injector-0.2.1+build.8.jar:?]
[00:05:23] [Render thread/ERROR] (Moonlight) Could not find resource nookcranny:loot_tables/blocks/oak_lamp.json
[00:05:23] [Render thread/ERROR] (Every Compat) Failed to generate recipes for template at location nookcranny:oak_lamp 
javax.management.openmbean.InvalidOpenTypeException: Failed to get recipe at nookcranny:recipes/oak_lamp.json: java.util.NoSuchElementException: No value present
	at net.mehvahdjukaar.moonlight.api.resources.RPUtils.readRecipeAsTemplate(RPUtils.java:249) ~[selene-499980-5666908.jar:?]
	at net.mehvahdjukaar.every_compat.misc.ResourcesUtils.addBlocksRecipes(ResourcesUtils.java:348) ~[every-compat-628539-5670282.jar:?]
	at net.mehvahdjukaar.every_compat.api.AbstractSimpleEntrySet.generateRecipes(AbstractSimpleEntrySet.java:228) ~[every-compat-628539-5670282.jar:?]
	at net.mehvahdjukaar.every_compat.api.SimpleModule.lambda$addDynamicServerResources$7(SimpleModule.java:99) ~[every-compat-628539-5670282.jar:?]
	at java.util.LinkedHashMap$LinkedValues.forEach(LinkedHashMap.java:647) ~[?:?]
	at net.mehvahdjukaar.every_compat.api.SimpleModule.addDynamicServerResources(SimpleModule.java:97) ~[every-compat-628539-5670282.jar:?]
	at net.mehvahdjukaar.every_compat.dynamicpack.ServerDynamicResourcesHandler.lambda$regenerateDynamicAssets$0(ServerDynamicResourcesHandler.java:40) ~[every-compat-628539-5670282.jar:?]
	at java.lang.Iterable.forEach(Iterable.java:75) ~[?:?]
	at net.mehvahdjukaar.every_compat.EveryCompat.forAllModules(EveryCompat.java:80) ~[every-compat-628539-5670282.jar:?]
	at net.mehvahdjukaar.every_compat.dynamicpack.ServerDynamicResourcesHandler.regenerateDynamicAssets(ServerDynamicResourcesHandler.java:38) ~[every-compat-628539-5670282.jar:?]
	at net.mehvahdjukaar.moonlight.api.resources.pack.DynResourceGenerator.reloadResources(DynResourceGenerator.java:129) ~[selene-499980-5666908.jar:?]
	at net.mehvahdjukaar.moonlight.api.resources.pack.DynResourceGenerator.onEarlyReload(DynResourceGenerator.java:83) ~[selene-499980-5666908.jar:?]
	at net.mehvahdjukaar.moonlight.api.events.fabric.MoonlightEventsHelperImpl.lambda$postEvent$1(MoonlightEventsHelperImpl.java:27) ~[selene-499980-5666908.jar:?]
	at java.util.concurrent.ConcurrentLinkedDeque.forEach(ConcurrentLinkedDeque.java:1650) ~[?:?]
	at net.mehvahdjukaar.moonlight.api.events.fabric.MoonlightEventsHelperImpl.postEvent(MoonlightEventsHelperImpl.java:27) ~[selene-499980-5666908.jar:?]
	at net.mehvahdjukaar.moonlight.api.events.MoonlightEventsHelper.postEvent(MoonlightEventsHelper.java) ~[selene-499980-5666908.jar:?]
	at net.minecraft.server.packs.resources.MultiPackResourceManager.handler$zkp000$moonlight$dynamicPackEarlyReload(MultiPackResourceManager.java:544) ~[minecraft-merged-fd40c7c13b-1.20.1-loom.mappings.1_20_1.layered+hash.2198-v2.jar:?]
	at net.minecraft.server.packs.resources.MultiPackResourceManager.<init>(MultiPackResourceManager.java:60) ~[minecraft-merged-fd40c7c13b-1.20.1-loom.mappings.1_20_1.layered+hash.2198-v2.jar:?]
	at net.minecraft.server.WorldLoader$PackConfig.createResourceManager(WorldLoader.java:104) ~[minecraft-merged-fd40c7c13b-1.20.1-loom.mappings.1_20_1.layered+hash.2198-v2.jar:?]
	at net.minecraft.server.WorldLoader.load(WorldLoader.java:29) ~[minecraft-merged-fd40c7c13b-1.20.1-loom.mappings.1_20_1.layered+hash.2198-v2.jar:?]
	at net.minecraft.client.gui.screens.worldselection.WorldOpenFlows.loadWorldDataBlocking(WorldOpenFlows.java:187) ~[minecraft-merged-fd40c7c13b-1.20.1-loom.mappings.1_20_1.layered+hash.2198-v2.jar:?]
	at net.minecraft.client.gui.screens.worldselection.WorldOpenFlows.loadWorldStem(WorldOpenFlows.java:123) ~[minecraft-merged-fd40c7c13b-1.20.1-loom.mappings.1_20_1.layered+hash.2198-v2.jar:?]
	at net.minecraft.client.gui.screens.worldselection.WorldOpenFlows.doLoadLevel(WorldOpenFlows.java:202) ~[minecraft-merged-fd40c7c13b-1.20.1-loom.mappings.1_20_1.layered+hash.2198-v2.jar:?]
	at net.minecraft.client.gui.screens.worldselection.WorldOpenFlows.loadLevel(WorldOpenFlows.java:64) ~[minecraft-merged-fd40c7c13b-1.20.1-loom.mappings.1_20_1.layered+hash.2198-v2.jar:?]
	at net.minecraft.client.gui.screens.worldselection.WorldSelectionList$WorldListEntry.loadWorld(WorldSelectionList.java:590) ~[minecraft-merged-fd40c7c13b-1.20.1-loom.mappings.1_20_1.layered+hash.2198-v2.jar:?]
	at net.minecraft.client.gui.screens.worldselection.WorldSelectionList$WorldListEntry.joinWorld(WorldSelectionList.java:480) ~[minecraft-merged-fd40c7c13b-1.20.1-loom.mappings.1_20_1.layered+hash.2198-v2.jar:?]
	at net.minecraft.client.gui.screens.worldselection.WorldSelectionList$WorldListEntry.mouseClicked(WorldSelectionList.java:407) ~[minecraft-merged-fd40c7c13b-1.20.1-loom.mappings.1_20_1.layered+hash.2198-v2.jar:?]
	at net.minecraft.client.gui.components.AbstractSelectionList.mouseClicked(AbstractSelectionList.java:327) ~[minecraft-merged-fd40c7c13b-1.20.1-loom.mappings.1_20_1.layered+hash.2198-v2.jar:?]
	at net.minecraft.client.gui.components.events.ContainerEventHandler.mouseClicked(ContainerEventHandler.java:38) ~[minecraft-merged-fd40c7c13b-1.20.1-loom.mappings.1_20_1.layered+hash.2198-v2.jar:?]
	at net.minecraft.client.MouseHandler.method_1611(MouseHandler.java:98) ~[minecraft-merged-fd40c7c13b-1.20.1-loom.mappings.1_20_1.layered+hash.2198-v2.jar:?]
	at net.minecraft.client.gui.screens.Screen.wrapScreenError(Screen.java:409) ~[minecraft-merged-fd40c7c13b-1.20.1-loom.mappings.1_20_1.layered+hash.2198-v2.jar:?]
	at net.minecraft.client.MouseHandler.onPress(MouseHandler.java:98) ~[minecraft-merged-fd40c7c13b-1.20.1-loom.mappings.1_20_1.layered+hash.2198-v2.jar:?]
	at net.minecraft.client.MouseHandler.method_22686(MouseHandler.java:169) ~[minecraft-merged-fd40c7c13b-1.20.1-loom.mappings.1_20_1.layered+hash.2198-v2.jar:?]
	at net.minecraft.util.thread.BlockableEventLoop.execute(BlockableEventLoop.java:102) ~[minecraft-merged-fd40c7c13b-1.20.1-loom.mappings.1_20_1.layered+hash.2198-v2.jar:?]
	at net.minecraft.client.MouseHandler.method_22684(MouseHandler.java:169) ~[minecraft-merged-fd40c7c13b-1.20.1-loom.mappings.1_20_1.layered+hash.2198-v2.jar:?]
	at org.lwjgl.glfw.GLFWMouseButtonCallbackI.callback(GLFWMouseButtonCallbackI.java:43) ~[lwjgl-glfw-3.3.1.jar:build 7]
	at org.lwjgl.system.JNI.invokeV(Native Method) ~[lwjgl-3.3.1.jar:build 7]
	at org.lwjgl.glfw.GLFW.glfwWaitEventsTimeout(GLFW.java:3474) ~[lwjgl-glfw-3.3.1.jar:build 7]
	at com.mojang.blaze3d.systems.RenderSystem.limitDisplayFPS(RenderSystem.java:237) ~[minecraft-merged-fd40c7c13b-1.20.1-loom.mappings.1_20_1.layered+hash.2198-v2.jar:?]
	at net.minecraft.client.Minecraft.runTick(Minecraft.java:1244) ~[minecraft-merged-fd40c7c13b-1.20.1-loom.mappings.1_20_1.layered+hash.2198-v2.jar:?]
	at net.minecraft.client.Minecraft.run(Minecraft.java:802) ~[minecraft-merged-fd40c7c13b-1.20.1-loom.mappings.1_20_1.layered+hash.2198-v2.jar:?]
	at net.minecraft.client.main.Main.main(Main.java:250) ~[minecraft-merged-fd40c7c13b-1.20.1-loom.mappings.1_20_1.layered+hash.2198-v2.jar:?]
	at net.fabricmc.loader.impl.game.minecraft.MinecraftGameProvider.launch(MinecraftGameProvider.java:470) ~[fabric-loader-0.15.3.jar:?]
	at net.fabricmc.loader.impl.launch.knot.Knot.launch(Knot.java:74) ~[fabric-loader-0.15.3.jar:?]
	at net.fabricmc.loader.impl.launch.knot.KnotClient.main(KnotClient.java:23) ~[fabric-loader-0.15.3.jar:?]
	at net.fabricmc.devlaunchinjector.Main.main(Main.java:86) ~[dev-launch-injector-0.2.1+build.8.jar:?]
[00:05:23] [Render thread/ERROR] (Moonlight) Could not find resource nookcranny:loot_tables/blocks/oak_mailbox.json
[00:05:23] [Render thread/ERROR] (Every Compat) Failed to generate recipes for template at location nookcranny:oak_mailbox 
javax.management.openmbean.InvalidOpenTypeException: Failed to get recipe at nookcranny:recipes/oak_mailbox.json: java.util.NoSuchElementException: No value present
	at net.mehvahdjukaar.moonlight.api.resources.RPUtils.readRecipeAsTemplate(RPUtils.java:249) ~[selene-499980-5666908.jar:?]
	at net.mehvahdjukaar.every_compat.misc.ResourcesUtils.addBlocksRecipes(ResourcesUtils.java:348) ~[every-compat-628539-5670282.jar:?]
	at net.mehvahdjukaar.every_compat.api.AbstractSimpleEntrySet.generateRecipes(AbstractSimpleEntrySet.java:228) ~[every-compat-628539-5670282.jar:?]
	at net.mehvahdjukaar.every_compat.api.SimpleModule.lambda$addDynamicServerResources$7(SimpleModule.java:99) ~[every-compat-628539-5670282.jar:?]
	at java.util.LinkedHashMap$LinkedValues.forEach(LinkedHashMap.java:647) ~[?:?]
	at net.mehvahdjukaar.every_compat.api.SimpleModule.addDynamicServerResources(SimpleModule.java:97) ~[every-compat-628539-5670282.jar:?]
	at net.mehvahdjukaar.every_compat.dynamicpack.ServerDynamicResourcesHandler.lambda$regenerateDynamicAssets$0(ServerDynamicResourcesHandler.java:40) ~[every-compat-628539-5670282.jar:?]
	at java.lang.Iterable.forEach(Iterable.java:75) ~[?:?]
	at net.mehvahdjukaar.every_compat.EveryCompat.forAllModules(EveryCompat.java:80) ~[every-compat-628539-5670282.jar:?]
	at net.mehvahdjukaar.every_compat.dynamicpack.ServerDynamicResourcesHandler.regenerateDynamicAssets(ServerDynamicResourcesHandler.java:38) ~[every-compat-628539-5670282.jar:?]
	at net.mehvahdjukaar.moonlight.api.resources.pack.DynResourceGenerator.reloadResources(DynResourceGenerator.java:129) ~[selene-499980-5666908.jar:?]
	at net.mehvahdjukaar.moonlight.api.resources.pack.DynResourceGenerator.onEarlyReload(DynResourceGenerator.java:83) ~[selene-499980-5666908.jar:?]
	at net.mehvahdjukaar.moonlight.api.events.fabric.MoonlightEventsHelperImpl.lambda$postEvent$1(MoonlightEventsHelperImpl.java:27) ~[selene-499980-5666908.jar:?]
	at java.util.concurrent.ConcurrentLinkedDeque.forEach(ConcurrentLinkedDeque.java:1650) ~[?:?]
	at net.mehvahdjukaar.moonlight.api.events.fabric.MoonlightEventsHelperImpl.postEvent(MoonlightEventsHelperImpl.java:27) ~[selene-499980-5666908.jar:?]
	at net.mehvahdjukaar.moonlight.api.events.MoonlightEventsHelper.postEvent(MoonlightEventsHelper.java) ~[selene-499980-5666908.jar:?]
	at net.minecraft.server.packs.resources.MultiPackResourceManager.handler$zkp000$moonlight$dynamicPackEarlyReload(MultiPackResourceManager.java:544) ~[minecraft-merged-fd40c7c13b-1.20.1-loom.mappings.1_20_1.layered+hash.2198-v2.jar:?]
	at net.minecraft.server.packs.resources.MultiPackResourceManager.<init>(MultiPackResourceManager.java:60) ~[minecraft-merged-fd40c7c13b-1.20.1-loom.mappings.1_20_1.layered+hash.2198-v2.jar:?]
	at net.minecraft.server.WorldLoader$PackConfig.createResourceManager(WorldLoader.java:104) ~[minecraft-merged-fd40c7c13b-1.20.1-loom.mappings.1_20_1.layered+hash.2198-v2.jar:?]
	at net.minecraft.server.WorldLoader.load(WorldLoader.java:29) ~[minecraft-merged-fd40c7c13b-1.20.1-loom.mappings.1_20_1.layered+hash.2198-v2.jar:?]
	at net.minecraft.client.gui.screens.worldselection.WorldOpenFlows.loadWorldDataBlocking(WorldOpenFlows.java:187) ~[minecraft-merged-fd40c7c13b-1.20.1-loom.mappings.1_20_1.layered+hash.2198-v2.jar:?]
	at net.minecraft.client.gui.screens.worldselection.WorldOpenFlows.loadWorldStem(WorldOpenFlows.java:123) ~[minecraft-merged-fd40c7c13b-1.20.1-loom.mappings.1_20_1.layered+hash.2198-v2.jar:?]
	at net.minecraft.client.gui.screens.worldselection.WorldOpenFlows.doLoadLevel(WorldOpenFlows.java:202) ~[minecraft-merged-fd40c7c13b-1.20.1-loom.mappings.1_20_1.layered+hash.2198-v2.jar:?]
	at net.minecraft.client.gui.screens.worldselection.WorldOpenFlows.loadLevel(WorldOpenFlows.java:64) ~[minecraft-merged-fd40c7c13b-1.20.1-loom.mappings.1_20_1.layered+hash.2198-v2.jar:?]
	at net.minecraft.client.gui.screens.worldselection.WorldSelectionList$WorldListEntry.loadWorld(WorldSelectionList.java:590) ~[minecraft-merged-fd40c7c13b-1.20.1-loom.mappings.1_20_1.layered+hash.2198-v2.jar:?]
	at net.minecraft.client.gui.screens.worldselection.WorldSelectionList$WorldListEntry.joinWorld(WorldSelectionList.java:480) ~[minecraft-merged-fd40c7c13b-1.20.1-loom.mappings.1_20_1.layered+hash.2198-v2.jar:?]
	at net.minecraft.client.gui.screens.worldselection.WorldSelectionList$WorldListEntry.mouseClicked(WorldSelectionList.java:407) ~[minecraft-merged-fd40c7c13b-1.20.1-loom.mappings.1_20_1.layered+hash.2198-v2.jar:?]
	at net.minecraft.client.gui.components.AbstractSelectionList.mouseClicked(AbstractSelectionList.java:327) ~[minecraft-merged-fd40c7c13b-1.20.1-loom.mappings.1_20_1.layered+hash.2198-v2.jar:?]
	at net.minecraft.client.gui.components.events.ContainerEventHandler.mouseClicked(ContainerEventHandler.java:38) ~[minecraft-merged-fd40c7c13b-1.20.1-loom.mappings.1_20_1.layered+hash.2198-v2.jar:?]
	at net.minecraft.client.MouseHandler.method_1611(MouseHandler.java:98) ~[minecraft-merged-fd40c7c13b-1.20.1-loom.mappings.1_20_1.layered+hash.2198-v2.jar:?]
	at net.minecraft.client.gui.screens.Screen.wrapScreenError(Screen.java:409) ~[minecraft-merged-fd40c7c13b-1.20.1-loom.mappings.1_20_1.layered+hash.2198-v2.jar:?]
	at net.minecraft.client.MouseHandler.onPress(MouseHandler.java:98) ~[minecraft-merged-fd40c7c13b-1.20.1-loom.mappings.1_20_1.layered+hash.2198-v2.jar:?]
	at net.minecraft.client.MouseHandler.method_22686(MouseHandler.java:169) ~[minecraft-merged-fd40c7c13b-1.20.1-loom.mappings.1_20_1.layered+hash.2198-v2.jar:?]
	at net.minecraft.util.thread.BlockableEventLoop.execute(BlockableEventLoop.java:102) ~[minecraft-merged-fd40c7c13b-1.20.1-loom.mappings.1_20_1.layered+hash.2198-v2.jar:?]
	at net.minecraft.client.MouseHandler.method_22684(MouseHandler.java:169) ~[minecraft-merged-fd40c7c13b-1.20.1-loom.mappings.1_20_1.layered+hash.2198-v2.jar:?]
	at org.lwjgl.glfw.GLFWMouseButtonCallbackI.callback(GLFWMouseButtonCallbackI.java:43) ~[lwjgl-glfw-3.3.1.jar:build 7]
	at org.lwjgl.system.JNI.invokeV(Native Method) ~[lwjgl-3.3.1.jar:build 7]
	at org.lwjgl.glfw.GLFW.glfwWaitEventsTimeout(GLFW.java:3474) ~[lwjgl-glfw-3.3.1.jar:build 7]
	at com.mojang.blaze3d.systems.RenderSystem.limitDisplayFPS(RenderSystem.java:237) ~[minecraft-merged-fd40c7c13b-1.20.1-loom.mappings.1_20_1.layered+hash.2198-v2.jar:?]
	at net.minecraft.client.Minecraft.runTick(Minecraft.java:1244) ~[minecraft-merged-fd40c7c13b-1.20.1-loom.mappings.1_20_1.layered+hash.2198-v2.jar:?]
	at net.minecraft.client.Minecraft.run(Minecraft.java:802) ~[minecraft-merged-fd40c7c13b-1.20.1-loom.mappings.1_20_1.layered+hash.2198-v2.jar:?]
	at net.minecraft.client.main.Main.main(Main.java:250) ~[minecraft-merged-fd40c7c13b-1.20.1-loom.mappings.1_20_1.layered+hash.2198-v2.jar:?]
	at net.fabricmc.loader.impl.game.minecraft.MinecraftGameProvider.launch(MinecraftGameProvider.java:470) ~[fabric-loader-0.15.3.jar:?]
	at net.fabricmc.loader.impl.launch.knot.Knot.launch(Knot.java:74) ~[fabric-loader-0.15.3.jar:?]
	at net.fabricmc.loader.impl.launch.knot.KnotClient.main(KnotClient.java:23) ~[fabric-loader-0.15.3.jar:?]
	at net.fabricmc.devlaunchinjector.Main.main(Main.java:86) ~[dev-launch-injector-0.2.1+build.8.jar:?]
[00:05:23] [Render thread/ERROR] (Moonlight) Could not find resource nookcranny:loot_tables/blocks/oak_shelf.json
[00:05:23] [Render thread/ERROR] (Every Compat) Failed to generate recipes for template at location nookcranny:oak_shelf 
javax.management.openmbean.InvalidOpenTypeException: Failed to get recipe at nookcranny:recipes/oak_shelf.json: java.util.NoSuchElementException: No value present
	at net.mehvahdjukaar.moonlight.api.resources.RPUtils.readRecipeAsTemplate(RPUtils.java:249) ~[selene-499980-5666908.jar:?]
	at net.mehvahdjukaar.every_compat.misc.ResourcesUtils.addBlocksRecipes(ResourcesUtils.java:348) ~[every-compat-628539-5670282.jar:?]
	at net.mehvahdjukaar.every_compat.api.AbstractSimpleEntrySet.generateRecipes(AbstractSimpleEntrySet.java:228) ~[every-compat-628539-5670282.jar:?]
	at net.mehvahdjukaar.every_compat.api.SimpleModule.lambda$addDynamicServerResources$7(SimpleModule.java:99) ~[every-compat-628539-5670282.jar:?]
	at java.util.LinkedHashMap$LinkedValues.forEach(LinkedHashMap.java:647) ~[?:?]
	at net.mehvahdjukaar.every_compat.api.SimpleModule.addDynamicServerResources(SimpleModule.java:97) ~[every-compat-628539-5670282.jar:?]
	at net.mehvahdjukaar.every_compat.dynamicpack.ServerDynamicResourcesHandler.lambda$regenerateDynamicAssets$0(ServerDynamicResourcesHandler.java:40) ~[every-compat-628539-5670282.jar:?]
	at java.lang.Iterable.forEach(Iterable.java:75) ~[?:?]
	at net.mehvahdjukaar.every_compat.EveryCompat.forAllModules(EveryCompat.java:80) ~[every-compat-628539-5670282.jar:?]
	at net.mehvahdjukaar.every_compat.dynamicpack.ServerDynamicResourcesHandler.regenerateDynamicAssets(ServerDynamicResourcesHandler.java:38) ~[every-compat-628539-5670282.jar:?]
	at net.mehvahdjukaar.moonlight.api.resources.pack.DynResourceGenerator.reloadResources(DynResourceGenerator.java:129) ~[selene-499980-5666908.jar:?]
	at net.mehvahdjukaar.moonlight.api.resources.pack.DynResourceGenerator.onEarlyReload(DynResourceGenerator.java:83) ~[selene-499980-5666908.jar:?]
	at net.mehvahdjukaar.moonlight.api.events.fabric.MoonlightEventsHelperImpl.lambda$postEvent$1(MoonlightEventsHelperImpl.java:27) ~[selene-499980-5666908.jar:?]
	at java.util.concurrent.ConcurrentLinkedDeque.forEach(ConcurrentLinkedDeque.java:1650) ~[?:?]
	at net.mehvahdjukaar.moonlight.api.events.fabric.MoonlightEventsHelperImpl.postEvent(MoonlightEventsHelperImpl.java:27) ~[selene-499980-5666908.jar:?]
	at net.mehvahdjukaar.moonlight.api.events.MoonlightEventsHelper.postEvent(MoonlightEventsHelper.java) ~[selene-499980-5666908.jar:?]
	at net.minecraft.server.packs.resources.MultiPackResourceManager.handler$zkp000$moonlight$dynamicPackEarlyReload(MultiPackResourceManager.java:544) ~[minecraft-merged-fd40c7c13b-1.20.1-loom.mappings.1_20_1.layered+hash.2198-v2.jar:?]
	at net.minecraft.server.packs.resources.MultiPackResourceManager.<init>(MultiPackResourceManager.java:60) ~[minecraft-merged-fd40c7c13b-1.20.1-loom.mappings.1_20_1.layered+hash.2198-v2.jar:?]
	at net.minecraft.server.WorldLoader$PackConfig.createResourceManager(WorldLoader.java:104) ~[minecraft-merged-fd40c7c13b-1.20.1-loom.mappings.1_20_1.layered+hash.2198-v2.jar:?]
	at net.minecraft.server.WorldLoader.load(WorldLoader.java:29) ~[minecraft-merged-fd40c7c13b-1.20.1-loom.mappings.1_20_1.layered+hash.2198-v2.jar:?]
	at net.minecraft.client.gui.screens.worldselection.WorldOpenFlows.loadWorldDataBlocking(WorldOpenFlows.java:187) ~[minecraft-merged-fd40c7c13b-1.20.1-loom.mappings.1_20_1.layered+hash.2198-v2.jar:?]
	at net.minecraft.client.gui.screens.worldselection.WorldOpenFlows.loadWorldStem(WorldOpenFlows.java:123) ~[minecraft-merged-fd40c7c13b-1.20.1-loom.mappings.1_20_1.layered+hash.2198-v2.jar:?]
	at net.minecraft.client.gui.screens.worldselection.WorldOpenFlows.doLoadLevel(WorldOpenFlows.java:202) ~[minecraft-merged-fd40c7c13b-1.20.1-loom.mappings.1_20_1.layered+hash.2198-v2.jar:?]
	at net.minecraft.client.gui.screens.worldselection.WorldOpenFlows.loadLevel(WorldOpenFlows.java:64) ~[minecraft-merged-fd40c7c13b-1.20.1-loom.mappings.1_20_1.layered+hash.2198-v2.jar:?]
	at net.minecraft.client.gui.screens.worldselection.WorldSelectionList$WorldListEntry.loadWorld(WorldSelectionList.java:590) ~[minecraft-merged-fd40c7c13b-1.20.1-loom.mappings.1_20_1.layered+hash.2198-v2.jar:?]
	at net.minecraft.client.gui.screens.worldselection.WorldSelectionList$WorldListEntry.joinWorld(WorldSelectionList.java:480) ~[minecraft-merged-fd40c7c13b-1.20.1-loom.mappings.1_20_1.layered+hash.2198-v2.jar:?]
	at net.minecraft.client.gui.screens.worldselection.WorldSelectionList$WorldListEntry.mouseClicked(WorldSelectionList.java:407) ~[minecraft-merged-fd40c7c13b-1.20.1-loom.mappings.1_20_1.layered+hash.2198-v2.jar:?]
	at net.minecraft.client.gui.components.AbstractSelectionList.mouseClicked(AbstractSelectionList.java:327) ~[minecraft-merged-fd40c7c13b-1.20.1-loom.mappings.1_20_1.layered+hash.2198-v2.jar:?]
	at net.minecraft.client.gui.components.events.ContainerEventHandler.mouseClicked(ContainerEventHandler.java:38) ~[minecraft-merged-fd40c7c13b-1.20.1-loom.mappings.1_20_1.layered+hash.2198-v2.jar:?]
	at net.minecraft.client.MouseHandler.method_1611(MouseHandler.java:98) ~[minecraft-merged-fd40c7c13b-1.20.1-loom.mappings.1_20_1.layered+hash.2198-v2.jar:?]
	at net.minecraft.client.gui.screens.Screen.wrapScreenError(Screen.java:409) ~[minecraft-merged-fd40c7c13b-1.20.1-loom.mappings.1_20_1.layered+hash.2198-v2.jar:?]
	at net.minecraft.client.MouseHandler.onPress(MouseHandler.java:98) ~[minecraft-merged-fd40c7c13b-1.20.1-loom.mappings.1_20_1.layered+hash.2198-v2.jar:?]
	at net.minecraft.client.MouseHandler.method_22686(MouseHandler.java:169) ~[minecraft-merged-fd40c7c13b-1.20.1-loom.mappings.1_20_1.layered+hash.2198-v2.jar:?]
	at net.minecraft.util.thread.BlockableEventLoop.execute(BlockableEventLoop.java:102) ~[minecraft-merged-fd40c7c13b-1.20.1-loom.mappings.1_20_1.layered+hash.2198-v2.jar:?]
	at net.minecraft.client.MouseHandler.method_22684(MouseHandler.java:169) ~[minecraft-merged-fd40c7c13b-1.20.1-loom.mappings.1_20_1.layered+hash.2198-v2.jar:?]
	at org.lwjgl.glfw.GLFWMouseButtonCallbackI.callback(GLFWMouseButtonCallbackI.java:43) ~[lwjgl-glfw-3.3.1.jar:build 7]
	at org.lwjgl.system.JNI.invokeV(Native Method) ~[lwjgl-3.3.1.jar:build 7]
	at org.lwjgl.glfw.GLFW.glfwWaitEventsTimeout(GLFW.java:3474) ~[lwjgl-glfw-3.3.1.jar:build 7]
	at com.mojang.blaze3d.systems.RenderSystem.limitDisplayFPS(RenderSystem.java:237) ~[minecraft-merged-fd40c7c13b-1.20.1-loom.mappings.1_20_1.layered+hash.2198-v2.jar:?]
	at net.minecraft.client.Minecraft.runTick(Minecraft.java:1244) ~[minecraft-merged-fd40c7c13b-1.20.1-loom.mappings.1_20_1.layered+hash.2198-v2.jar:?]
	at net.minecraft.client.Minecraft.run(Minecraft.java:802) ~[minecraft-merged-fd40c7c13b-1.20.1-loom.mappings.1_20_1.layered+hash.2198-v2.jar:?]
	at net.minecraft.client.main.Main.main(Main.java:250) ~[minecraft-merged-fd40c7c13b-1.20.1-loom.mappings.1_20_1.layered+hash.2198-v2.jar:?]
	at net.fabricmc.loader.impl.game.minecraft.MinecraftGameProvider.launch(MinecraftGameProvider.java:470) ~[fabric-loader-0.15.3.jar:?]
	at net.fabricmc.loader.impl.launch.knot.Knot.launch(Knot.java:74) ~[fabric-loader-0.15.3.jar:?]
	at net.fabricmc.loader.impl.launch.knot.KnotClient.main(KnotClient.java:23) ~[fabric-loader-0.15.3.jar:?]
	at net.fabricmc.devlaunchinjector.Main.main(Main.java:86) ~[dev-launch-injector-0.2.1+build.8.jar:?]
[00:05:23] [Render thread/ERROR] (Moonlight) Could not find resource nookcranny:loot_tables/blocks/oak_nightstand.json
[00:05:23] [Render thread/ERROR] (Every Compat) Failed to generate recipes for template at location nookcranny:oak_nightstand 
javax.management.openmbean.InvalidOpenTypeException: Failed to get recipe at nookcranny:recipes/oak_nightstand.json: java.util.NoSuchElementException: No value present
	at net.mehvahdjukaar.moonlight.api.resources.RPUtils.readRecipeAsTemplate(RPUtils.java:249) ~[selene-499980-5666908.jar:?]
	at net.mehvahdjukaar.every_compat.misc.ResourcesUtils.addBlocksRecipes(ResourcesUtils.java:348) ~[every-compat-628539-5670282.jar:?]
	at net.mehvahdjukaar.every_compat.api.AbstractSimpleEntrySet.generateRecipes(AbstractSimpleEntrySet.java:228) ~[every-compat-628539-5670282.jar:?]
	at net.mehvahdjukaar.every_compat.api.SimpleModule.lambda$addDynamicServerResources$7(SimpleModule.java:99) ~[every-compat-628539-5670282.jar:?]
	at java.util.LinkedHashMap$LinkedValues.forEach(LinkedHashMap.java:647) ~[?:?]
	at net.mehvahdjukaar.every_compat.api.SimpleModule.addDynamicServerResources(SimpleModule.java:97) ~[every-compat-628539-5670282.jar:?]
	at net.mehvahdjukaar.every_compat.dynamicpack.ServerDynamicResourcesHandler.lambda$regenerateDynamicAssets$0(ServerDynamicResourcesHandler.java:40) ~[every-compat-628539-5670282.jar:?]
	at java.lang.Iterable.forEach(Iterable.java:75) ~[?:?]
	at net.mehvahdjukaar.every_compat.EveryCompat.forAllModules(EveryCompat.java:80) ~[every-compat-628539-5670282.jar:?]
	at net.mehvahdjukaar.every_compat.dynamicpack.ServerDynamicResourcesHandler.regenerateDynamicAssets(ServerDynamicResourcesHandler.java:38) ~[every-compat-628539-5670282.jar:?]
	at net.mehvahdjukaar.moonlight.api.resources.pack.DynResourceGenerator.reloadResources(DynResourceGenerator.java:129) ~[selene-499980-5666908.jar:?]
	at net.mehvahdjukaar.moonlight.api.resources.pack.DynResourceGenerator.onEarlyReload(DynResourceGenerator.java:83) ~[selene-499980-5666908.jar:?]
	at net.mehvahdjukaar.moonlight.api.events.fabric.MoonlightEventsHelperImpl.lambda$postEvent$1(MoonlightEventsHelperImpl.java:27) ~[selene-499980-5666908.jar:?]
	at java.util.concurrent.ConcurrentLinkedDeque.forEach(ConcurrentLinkedDeque.java:1650) ~[?:?]
	at net.mehvahdjukaar.moonlight.api.events.fabric.MoonlightEventsHelperImpl.postEvent(MoonlightEventsHelperImpl.java:27) ~[selene-499980-5666908.jar:?]
	at net.mehvahdjukaar.moonlight.api.events.MoonlightEventsHelper.postEvent(MoonlightEventsHelper.java) ~[selene-499980-5666908.jar:?]
	at net.minecraft.server.packs.resources.MultiPackResourceManager.handler$zkp000$moonlight$dynamicPackEarlyReload(MultiPackResourceManager.java:544) ~[minecraft-merged-fd40c7c13b-1.20.1-loom.mappings.1_20_1.layered+hash.2198-v2.jar:?]
	at net.minecraft.server.packs.resources.MultiPackResourceManager.<init>(MultiPackResourceManager.java:60) ~[minecraft-merged-fd40c7c13b-1.20.1-loom.mappings.1_20_1.layered+hash.2198-v2.jar:?]
	at net.minecraft.server.WorldLoader$PackConfig.createResourceManager(WorldLoader.java:104) ~[minecraft-merged-fd40c7c13b-1.20.1-loom.mappings.1_20_1.layered+hash.2198-v2.jar:?]
	at net.minecraft.server.WorldLoader.load(WorldLoader.java:29) ~[minecraft-merged-fd40c7c13b-1.20.1-loom.mappings.1_20_1.layered+hash.2198-v2.jar:?]
	at net.minecraft.client.gui.screens.worldselection.WorldOpenFlows.loadWorldDataBlocking(WorldOpenFlows.java:187) ~[minecraft-merged-fd40c7c13b-1.20.1-loom.mappings.1_20_1.layered+hash.2198-v2.jar:?]
	at net.minecraft.client.gui.screens.worldselection.WorldOpenFlows.loadWorldStem(WorldOpenFlows.java:123) ~[minecraft-merged-fd40c7c13b-1.20.1-loom.mappings.1_20_1.layered+hash.2198-v2.jar:?]
	at net.minecraft.client.gui.screens.worldselection.WorldOpenFlows.doLoadLevel(WorldOpenFlows.java:202) ~[minecraft-merged-fd40c7c13b-1.20.1-loom.mappings.1_20_1.layered+hash.2198-v2.jar:?]
	at net.minecraft.client.gui.screens.worldselection.WorldOpenFlows.loadLevel(WorldOpenFlows.java:64) ~[minecraft-merged-fd40c7c13b-1.20.1-loom.mappings.1_20_1.layered+hash.2198-v2.jar:?]
	at net.minecraft.client.gui.screens.worldselection.WorldSelectionList$WorldListEntry.loadWorld(WorldSelectionList.java:590) ~[minecraft-merged-fd40c7c13b-1.20.1-loom.mappings.1_20_1.layered+hash.2198-v2.jar:?]
	at net.minecraft.client.gui.screens.worldselection.WorldSelectionList$WorldListEntry.joinWorld(WorldSelectionList.java:480) ~[minecraft-merged-fd40c7c13b-1.20.1-loom.mappings.1_20_1.layered+hash.2198-v2.jar:?]
	at net.minecraft.client.gui.screens.worldselection.WorldSelectionList$WorldListEntry.mouseClicked(WorldSelectionList.java:407) ~[minecraft-merged-fd40c7c13b-1.20.1-loom.mappings.1_20_1.layered+hash.2198-v2.jar:?]
	at net.minecraft.client.gui.components.AbstractSelectionList.mouseClicked(AbstractSelectionList.java:327) ~[minecraft-merged-fd40c7c13b-1.20.1-loom.mappings.1_20_1.layered+hash.2198-v2.jar:?]
	at net.minecraft.client.gui.components.events.ContainerEventHandler.mouseClicked(ContainerEventHandler.java:38) ~[minecraft-merged-fd40c7c13b-1.20.1-loom.mappings.1_20_1.layered+hash.2198-v2.jar:?]
	at net.minecraft.client.MouseHandler.method_1611(MouseHandler.java:98) ~[minecraft-merged-fd40c7c13b-1.20.1-loom.mappings.1_20_1.layered+hash.2198-v2.jar:?]
	at net.minecraft.client.gui.screens.Screen.wrapScreenError(Screen.java:409) ~[minecraft-merged-fd40c7c13b-1.20.1-loom.mappings.1_20_1.layered+hash.2198-v2.jar:?]
	at net.minecraft.client.MouseHandler.onPress(MouseHandler.java:98) ~[minecraft-merged-fd40c7c13b-1.20.1-loom.mappings.1_20_1.layered+hash.2198-v2.jar:?]
	at net.minecraft.client.MouseHandler.method_22686(MouseHandler.java:169) ~[minecraft-merged-fd40c7c13b-1.20.1-loom.mappings.1_20_1.layered+hash.2198-v2.jar:?]
	at net.minecraft.util.thread.BlockableEventLoop.execute(BlockableEventLoop.java:102) ~[minecraft-merged-fd40c7c13b-1.20.1-loom.mappings.1_20_1.layered+hash.2198-v2.jar:?]
	at net.minecraft.client.MouseHandler.method_22684(MouseHandler.java:169) ~[minecraft-merged-fd40c7c13b-1.20.1-loom.mappings.1_20_1.layered+hash.2198-v2.jar:?]
	at org.lwjgl.glfw.GLFWMouseButtonCallbackI.callback(GLFWMouseButtonCallbackI.java:43) ~[lwjgl-glfw-3.3.1.jar:build 7]
	at org.lwjgl.system.JNI.invokeV(Native Method) ~[lwjgl-3.3.1.jar:build 7]
	at org.lwjgl.glfw.GLFW.glfwWaitEventsTimeout(GLFW.java:3474) ~[lwjgl-glfw-3.3.1.jar:build 7]
	at com.mojang.blaze3d.systems.RenderSystem.limitDisplayFPS(RenderSystem.java:237) ~[minecraft-merged-fd40c7c13b-1.20.1-loom.mappings.1_20_1.layered+hash.2198-v2.jar:?]
	at net.minecraft.client.Minecraft.runTick(Minecraft.java:1244) ~[minecraft-merged-fd40c7c13b-1.20.1-loom.mappings.1_20_1.layered+hash.2198-v2.jar:?]
	at net.minecraft.client.Minecraft.run(Minecraft.java:802) ~[minecraft-merged-fd40c7c13b-1.20.1-loom.mappings.1_20_1.layered+hash.2198-v2.jar:?]
	at net.minecraft.client.main.Main.main(Main.java:250) ~[minecraft-merged-fd40c7c13b-1.20.1-loom.mappings.1_20_1.layered+hash.2198-v2.jar:?]
	at net.fabricmc.loader.impl.game.minecraft.MinecraftGameProvider.launch(MinecraftGameProvider.java:470) ~[fabric-loader-0.15.3.jar:?]
	at net.fabricmc.loader.impl.launch.knot.Knot.launch(Knot.java:74) ~[fabric-loader-0.15.3.jar:?]
	at net.fabricmc.loader.impl.launch.knot.KnotClient.main(KnotClient.java:23) ~[fabric-loader-0.15.3.jar:?]
	at net.fabricmc.devlaunchinjector.Main.main(Main.java:86) ~[dev-launch-injector-0.2.1+build.8.jar:?]
[00:05:23] [Render thread/INFO] (Every Compat) Generated runtime SERVER_DATA for pack Everycomp Generated Pack (everycomp) in: 54 ms (debug resource dump on)
[00:05:24] [Render thread/INFO] (Minecraft) Loaded 7 recipes
[00:05:24] [Render thread/INFO] (Minecraft) Loaded 1942 advancements
[00:05:47] [Render thread/INFO] (terrablender) Initialized TerraBlender biomes for level stem minecraft:the_nether
[00:05:47] [Render thread/INFO] (BiomeModificationImpl) Applied 0 biome modifications to 0 of 136 new biomes in 1.574 ms
[00:05:47] [Server thread/INFO] (Minecraft) Starting integrated minecraft server version 1.20.1
[00:05:47] [Server thread/INFO] (Minecraft) Generating keypair
[00:05:47] [Server thread/INFO] (regions_unexplored) Loading dimension "minecraft:the_nether" with biome source: "minecraft:multi_noise".
[00:05:47] [Server thread/INFO] (Minecraft) Preparing start region for dimension minecraft:overworld
[00:05:48] [Render thread/INFO] (Minecraft) Preparing spawn area: 0%
[00:05:48] [Render thread/INFO] (Minecraft) Preparing spawn area: 0%
[00:05:48] [Render thread/INFO] (Minecraft) Preparing spawn area: 0%
[00:05:49] [Render thread/INFO] (Minecraft) Preparing spawn area: 28%
[00:05:49] [Render thread/INFO] (Minecraft) Time elapsed: 1738 ms
[00:05:49] [Server thread/INFO] (Minecraft) Changing view distance to 12, from 10
[00:05:49] [Server thread/INFO] (Minecraft) Changing simulation distance to 12, from 0
[00:05:49] [Server thread/INFO] (Minecraft) Player62[local:E:8548b33a] logged in with entity id 1 at (-1.7851487980495158, -52.34244222649387, -14.709269940182038)
[00:05:49] [Server thread/INFO] (Minecraft) Player62 joined the game
[00:05:50] [Render thread/INFO] (Minecraft) Loaded 2 advancements
[00:05:50] [Server thread/INFO] (Minecraft) Saving and pausing game...
[00:05:51] [Server thread/INFO] (Minecraft) Saving chunks for level 'ServerLevel[New World]'/minecraft:overworld
[00:05:51] [Server thread/INFO] (Minecraft) Saving chunks for level 'ServerLevel[New World]'/minecraft:the_nether
[00:05:51] [Server thread/INFO] (Minecraft) Saving chunks for level 'ServerLevel[New World]'/minecraft:the_end
[00:25:25] [Render thread/INFO] (Minecraft) Loaded 16 advancements
[00:25:51] [Server thread/INFO] (Minecraft) Saving and pausing game...
[00:25:51] [Server thread/INFO] (Minecraft) Saving chunks for level 'ServerLevel[New World]'/minecraft:overworld
[00:25:51] [Server thread/INFO] (Minecraft) Saving chunks for level 'ServerLevel[New World]'/minecraft:the_nether
[00:25:51] [Server thread/INFO] (Minecraft) Saving chunks for level 'ServerLevel[New World]'/minecraft:the_end
[00:25:54] [Render thread/INFO] (Minecraft) [System] [CHAT] Saved screenshot as 2024-09-03_00.25.53.png
[00:27:31] [Server thread/INFO] (Minecraft) Saving and pausing game...
[00:27:31] [Server thread/INFO] (Minecraft) Saving chunks for level 'ServerLevel[New World]'/minecraft:overworld
[00:27:31] [Server thread/INFO] (Minecraft) Saving chunks for level 'ServerLevel[New World]'/minecraft:the_nether
[00:27:31] [Server thread/INFO] (Minecraft) Saving chunks for level 'ServerLevel[New World]'/minecraft:the_end
[00:28:17] [Server thread/INFO] (Minecraft) Saving and pausing game...
[00:28:17] [Server thread/INFO] (Minecraft) Saving chunks for level 'ServerLevel[New World]'/minecraft:overworld
[00:28:17] [Server thread/INFO] (Minecraft) Saving chunks for level 'ServerLevel[New World]'/minecraft:the_nether
[00:28:17] [Server thread/INFO] (Minecraft) Saving chunks for level 'ServerLevel[New World]'/minecraft:the_end
[00:28:39] [Render thread/INFO] (Minecraft) [System] [CHAT] Saved screenshot as 2024-09-03_00.28.39.png
[00:29:05] [Server thread/INFO] (Minecraft) Saving and pausing game...
[00:29:05] [Server thread/INFO] (Minecraft) Saving chunks for level 'ServerLevel[New World]'/minecraft:overworld
[00:29:05] [Server thread/INFO] (Minecraft) Saving chunks for level 'ServerLevel[New World]'/minecraft:the_nether
[00:29:05] [Server thread/INFO] (Minecraft) Saving chunks for level 'ServerLevel[New World]'/minecraft:the_end
[00:30:19] [Render thread/INFO] (Minecraft) Loaded 18 advancements
[00:30:37] [Server thread/INFO] (Minecraft) [Player62: Changed the block at 6, -56, -46]
[00:30:37] [Render thread/INFO] (Minecraft) [System] [CHAT] Changed the block at 6, -56, -46
[00:30:41] [Server thread/INFO] (Minecraft) Saving and pausing game...
[00:30:41] [Server thread/INFO] (Minecraft) Saving chunks for level 'ServerLevel[New World]'/minecraft:overworld
[00:30:41] [Server thread/INFO] (Minecraft) Saving chunks for level 'ServerLevel[New World]'/minecraft:the_nether
[00:30:41] [Server thread/INFO] (Minecraft) Saving chunks for level 'ServerLevel[New World]'/minecraft:the_end
[00:30:43] [Render thread/INFO] (Minecraft) [System] [CHAT] Saved screenshot as 2024-09-03_00.30.43.png
[00:31:00] [Server thread/INFO] (Minecraft) Saving and pausing game...
[00:31:00] [Server thread/INFO] (Minecraft) Saving chunks for level 'ServerLevel[New World]'/minecraft:overworld
[00:31:00] [Server thread/INFO] (Minecraft) Saving chunks for level 'ServerLevel[New World]'/minecraft:the_nether
[00:31:00] [Server thread/INFO] (Minecraft) Saving chunks for level 'ServerLevel[New World]'/minecraft:the_end
[00:31:30] [Render thread/INFO] (Minecraft) Stopping!
[00:31:30] [Server thread/INFO] (Minecraft) Player62 lost connection: Disconnected
[00:31:30] [Server thread/INFO] (Minecraft) Player62 left the game
[00:31:30] [Server thread/INFO] (Minecraft) Stopping singleplayer server as player logged out
[00:31:30] [Server thread/INFO] (Minecraft) Stopping server
[00:31:30] [Server thread/INFO] (Minecraft) Saving players
[00:31:30] [Server thread/INFO] (Minecraft) Saving worlds
[00:31:31] [Server thread/INFO] (Minecraft) Saving chunks for level 'ServerLevel[New World]'/minecraft:overworld
[00:31:31] [Server thread/INFO] (Minecraft) Saving chunks for level 'ServerLevel[New World]'/minecraft:the_nether
[00:31:31] [Server thread/INFO] (Minecraft) Saving chunks for level 'ServerLevel[New World]'/minecraft:the_end
[00:31:31] [Server thread/INFO] (Minecraft) ThreadedAnvilChunkStorage (New World): All chunks are saved
[00:31:31] [Server thread/INFO] (Minecraft) ThreadedAnvilChunkStorage (DIM-1): All chunks are saved
[00:31:31] [Server thread/INFO] (Minecraft) ThreadedAnvilChunkStorage (DIM1): All chunks are saved
[00:31:31] [Server thread/INFO] (Minecraft) ThreadedAnvilChunkStorage: All dimensions are saved
