[02:46:10] [main/INFO] (FabricLoader/GameProvider) Loading Minecraft 1.20.1 with Fabric Loader 0.16.10
[02:46:10] [main/WARN] (FabricLoader/Resolution) Warnings were found!
 - Mod 'Every Compat' (everycomp) 1.20-2.6.73 recommends any version of sawmill, which is missing!
	 - You should install any version of sawmill for the optimal experience.
[02:46:10] [main/INFO] (FabricLoader) Loading 64 mods:
	- everycomp 1.20-2.6.73
	- fabric-api 0.92.3+1.20.1
	- fabric-api-base 0.4.31+1802ada577
	- fabric-api-lookup-api-v1 1.6.36+1802ada577
	- fabric-biome-api-v1 13.0.13+1802ada577
	- fabric-block-api-v1 1.0.11+1802ada577
	- fabric-block-view-api-v2 1.0.1+1802ada577
	- fabric-blockrenderlayer-v1 1.1.41+1802ada577
	- fabric-client-tags-api-v1 1.1.2+1802ada577
	- fabric-command-api-v1 1.2.34+f71b366f77
	- fabric-command-api-v2 2.2.13+1802ada577
	- fabric-commands-v0 0.2.51+df3654b377
	- fabric-containers-v0 0.1.65+df3654b377
	- fabric-content-registries-v0 4.0.12+1802ada577
	- fabric-convention-tags-v1 1.5.5+1802ada577
	- fabric-crash-report-info-v1 0.2.19+1802ada577
	- fabric-data-attachment-api-v1 1.0.1+de0fd6d177
	- fabric-data-generation-api-v1 12.3.5+1802ada577
	- fabric-dimensions-v1 2.1.54+1802ada577
	- fabric-entity-events-v1 1.6.0+1c78457f77
	- fabric-events-interaction-v0 0.6.3+13a40c6677
	- fabric-events-lifecycle-v0 0.2.63+df3654b377
	- fabric-game-rule-api-v1 1.0.40+1802ada577
	- fabric-gametest-api-v1 1.2.14+1802ada577
	- fabric-item-api-v1 2.1.28+1802ada577
	- fabric-item-group-api-v1 4.0.13+1802ada577
	- fabric-key-binding-api-v1 1.0.37+1802ada577
	- fabric-keybindings-v0 0.2.35+df3654b377
	- fabric-lifecycle-events-v1 2.2.22+1802ada577
	- fabric-loot-api-v2 1.2.2+1802ada577
	- fabric-loot-tables-v1 1.1.46+9e7660c677
	- fabric-message-api-v1 5.1.9+1802ada577
	- fabric-mining-level-api-v1 2.1.51+1802ada577
	- fabric-model-loading-api-v1 1.0.3+1802ada577
	- fabric-models-v0 0.4.2+9386d8a777
	- fabric-networking-api-v1 1.3.12+13a40c6677
	- fabric-networking-v0 0.3.52+df3654b377
	- fabric-object-builder-api-v1 11.1.4+1802ada577
	- fabric-particles-v1 1.1.2+1802ada577
	- fabric-recipe-api-v1 1.0.22+1802ada577
	- fabric-registry-sync-v0 2.3.4+1802ada577
	- fabric-renderer-api-v1 3.2.1+1802ada577
	- fabric-renderer-indigo 1.5.2+85287f9f77
	- fabric-renderer-registries-v1 3.2.46+df3654b377
	- fabric-rendering-data-attachment-v1 0.3.37+92a0d36777
	- fabric-rendering-fluids-v1 3.0.28+1802ada577
	- fabric-rendering-v0 1.1.49+df3654b377
	- fabric-rendering-v1 3.0.8+1802ada577
	- fabric-resource-conditions-api-v1 2.3.8+1802ada577
	- fabric-resource-loader-v0 0.11.11+fb82e9d777
	- fabric-screen-api-v1 2.0.8+1802ada577
	- fabric-screen-handler-api-v1 1.3.31+1802ada577
	- fabric-sound-api-v1 1.0.13+1802ada577
	- fabric-transfer-api-v1 3.3.5+8dd72ea377
	- fabric-transitive-access-wideners-v1 4.3.1+1802ada577
	- fabricloader 0.16.10
	- geckolib 4.4.4
	- java 21
	- midnightlib 1.4.1
	- minecraft 1.20.1
	- mixinextras 0.4.1
	- modmenu 7.2.2
	- moonlight 1.20-2.12.17
	- nookcranny 1.0.0-fabric
[02:46:11] [main/INFO] (FabricLoader/Mixin) SpongePowered MIXIN Subsystem Version=0.8.7 Source=file:/C:/Users/lukec/.gradle/caches/modules-2/files-2.1/net.fabricmc/sponge-mixin/0.15.4+mixin.0.8.7/6a12aacc794f1078458433116e9ed42c1cc98096/sponge-mixin-0.15.4+mixin.0.8.7.jar Service=Knot/Fabric Env=CLIENT
[02:46:11] [main/INFO] (FabricLoader/Mixin) Loaded Fabric development mappings for mixin remapper!
[02:46:11] [main/INFO] (FabricLoader/Mixin) Compatibility level set to JAVA_16
[02:46:11] [main/INFO] (FabricLoader/Mixin) Compatibility level set to JAVA_17
[02:46:12] [main/INFO] (FabricLoader/MixinExtras|Service) Initializing MixinExtras via com.llamalad7.mixinextras.service.MixinExtrasServiceImpl(version=0.4.1).
[02:46:16] [Datafixer Bootstrap/INFO] (Minecraft) 188 Datafixer optimizations took 91 milliseconds
[02:46:17] [Render thread/INFO] (Minecraft) [STDERR]: [LWJGL] [ThreadLocalUtil] Unsupported JNI version detected, this may result in a crash. Please inform LWJGL developers.
[02:46:17] [Render thread/INFO] (Minecraft) Environment: authHost='https://authserver.mojang.com', accountsHost='https://api.mojang.com', sessionHost='https://sessionserver.mojang.com', servicesHost='https://api.minecraftservices.com', name='PROD'
[02:46:18] [Render thread/ERROR] (Minecraft) Failed to verify authentication
com.mojang.authlib.exceptions.InvalidCredentialsException: Status: 401
	at com.mojang.authlib.exceptions.MinecraftClientHttpException.toAuthenticationException(MinecraftClientHttpException.java:56) ~[authlib-4.0.43.jar:?]
	at com.mojang.authlib.yggdrasil.YggdrasilUserApiService.fetchProperties(YggdrasilUserApiService.java:156) ~[authlib-4.0.43.jar:?]
	at com.mojang.authlib.yggdrasil.YggdrasilUserApiService.<init>(YggdrasilUserApiService.java:55) ~[authlib-4.0.43.jar:?]
	at com.mojang.authlib.yggdrasil.YggdrasilAuthenticationService.createUserApiService(YggdrasilAuthenticationService.java:124) ~[authlib-4.0.43.jar:?]
	at net.minecraft.client.Minecraft.createUserApiService(Minecraft.java:733) ~[minecraft-merged-7c01c68faa-1.20.1-loom.mappings.1_20_1.layered+hash.1899487486-v2.jar:?]
	at net.minecraft.client.Minecraft.<init>(Minecraft.java:442) ~[minecraft-merged-7c01c68faa-1.20.1-loom.mappings.1_20_1.layered+hash.1899487486-v2.jar:?]
	at net.minecraft.client.main.Main.main(Main.java:211) ~[minecraft-merged-7c01c68faa-1.20.1-loom.mappings.1_20_1.layered+hash.1899487486-v2.jar:?]
	at net.fabricmc.loader.impl.game.minecraft.MinecraftGameProvider.launch(MinecraftGameProvider.java:480) ~[fabric-loader-0.16.10.jar:?]
	at net.fabricmc.loader.impl.launch.knot.Knot.launch(Knot.java:74) ~[fabric-loader-0.16.10.jar:?]
	at net.fabricmc.loader.impl.launch.knot.KnotClient.main(KnotClient.java:23) ~[fabric-loader-0.16.10.jar:?]
	at net.fabricmc.devlaunchinjector.Main.main(Main.java:86) ~[dev-launch-injector-0.2.1+build.8.jar:?]
Caused by: com.mojang.authlib.exceptions.MinecraftClientHttpException: Status: 401
	at com.mojang.authlib.minecraft.client.MinecraftClient.readInputStream(MinecraftClient.java:85) ~[authlib-4.0.43.jar:?]
	at com.mojang.authlib.minecraft.client.MinecraftClient.get(MinecraftClient.java:48) ~[authlib-4.0.43.jar:?]
	at com.mojang.authlib.yggdrasil.YggdrasilUserApiService.fetchProperties(YggdrasilUserApiService.java:129) ~[authlib-4.0.43.jar:?]
	... 9 more
[02:46:18] [Render thread/INFO] (Minecraft) Setting user: Player855
[02:46:18] [Render thread/INFO] (Moonlight) Loaded config moonlight-client.json
[02:46:18] [Render thread/INFO] (Moonlight) Loaded config everycomp-common.json
[02:46:20] [Render thread/INFO] (Every Compat) Loaded EveryCompat Nookcranny Module
[02:46:20] [Render thread/INFO] (Moonlight) Initialized block sets in 8ms
[02:46:20] [Render thread/INFO] (Moonlight) Loaded config everycomp-entries.json
[02:46:20] [Render thread/INFO] (Every Compat) Registering Compat Wood Blocks
[02:46:20] [Render thread/INFO] (Every Compat) Registering Compat Leaves Blocks
[02:46:20] [Render thread/INFO] (Moonlight) Initialized color sets in 10ms
[02:46:20] [Render thread/INFO] (Every Compat) Registered 0 compat blocks making up 0.00% of total blocks registered
[02:46:20] [Render thread/ERROR] (Every Compat) EVERY COMPAT REGISTERED 0 BLOCKS! This means that you dont need the mod and should remove it!
[02:46:21] [Worker-Main-1/INFO] (Mod Menu/Update Checker) Checking mod updates...
[02:46:21] [Render thread/INFO] (Indigo) [Indigo] Registering Indigo renderer!
[02:46:21] [Render thread/INFO] (FabricDataGenHelper) Running data generator for nookcranny
[02:46:21] [Render thread/INFO] (Minecraft) Starting provider: NC/Model Definitions
[02:46:21] [Render thread/INFO] (Minecraft) NC/Model Definitions finished after 130 ms
[02:46:21] [Render thread/INFO] (Minecraft) Starting provider: NC/Language (en_us)
[02:46:21] [Render thread/INFO] (Minecraft) NC/Language (en_us) finished after 5 ms
[02:46:21] [Render thread/INFO] (Minecraft) Starting provider: NC/Block Loot Tables
[02:46:21] [Render thread/INFO] (Minecraft) NC/Block Loot Tables finished after 95 ms
[02:46:21] [Render thread/INFO] (Minecraft) Starting provider: NC/Tags for minecraft:block
[02:46:21] [Render thread/INFO] (Minecraft) NC/Tags for minecraft:block finished after 120 ms
[02:46:21] [Render thread/INFO] (Minecraft) All providers took: 354 ms
[02:46:21] [Render thread/WARN] (Minecraft) Failed to delete file C:\Users\lukec\OneDrive\Desktop\Starfish Projects\Starfish Bedrock Maps\Nook-and-Cranny\src\main\generated\logs\debug.log
java.nio.file.FileSystemException: C:\Users\lukec\OneDrive\Desktop\Starfish Projects\Starfish Bedrock Maps\Nook-and-Cranny\src\main\generated\logs\debug.log: The process cannot access the file because it is being used by another process
	at sun.nio.fs.WindowsException.translateToIOException(WindowsException.java:92) ~[?:?]
	at sun.nio.fs.WindowsException.rethrowAsIOException(WindowsException.java:103) ~[?:?]
	at sun.nio.fs.WindowsException.rethrowAsIOException(WindowsException.java:108) ~[?:?]
	at sun.nio.fs.WindowsFileSystemProvider.implDelete(WindowsFileSystemProvider.java:273) ~[?:?]
	at sun.nio.fs.AbstractFileSystemProvider.delete(AbstractFileSystemProvider.java:104) ~[?:?]
	at java.nio.file.Files.delete(Files.java:1152) ~[?:?]
	at net.minecraft.data.HashCache.method_43351(HashCache.java:226) ~[minecraft-merged-7c01c68faa-1.20.1-loom.mappings.1_20_1.layered+hash.1899487486-v2.jar:?]
	at java.util.stream.ForEachOps$ForEachOp$OfRef.accept(ForEachOps.java:184) ~[?:?]
	at java.util.stream.ReferencePipeline$3$1.accept(ReferencePipeline.java:197) ~[?:?]
	at java.util.Iterator.forEachRemaining(Iterator.java:133) ~[?:?]
	at java.util.Spliterators$IteratorSpliterator.forEachRemaining(Spliterators.java:1939) ~[?:?]
	at java.util.stream.AbstractPipeline.copyInto(AbstractPipeline.java:509) ~[?:?]
	at java.util.stream.AbstractPipeline.wrapAndCopyInto(AbstractPipeline.java:499) ~[?:?]
	at java.util.stream.ForEachOps$ForEachOp.evaluateSequential(ForEachOps.java:151) ~[?:?]
	at java.util.stream.ForEachOps$ForEachOp$OfRef.evaluateSequential(ForEachOps.java:174) ~[?:?]
	at java.util.stream.AbstractPipeline.evaluate(AbstractPipeline.java:234) ~[?:?]
	at java.util.stream.ReferencePipeline.forEach(ReferencePipeline.java:596) ~[?:?]
	at net.minecraft.data.HashCache.purgeStaleAndWrite(HashCache.java:214) ~[minecraft-merged-7c01c68faa-1.20.1-loom.mappings.1_20_1.layered+hash.1899487486-v2.jar:?]
	at net.minecraft.data.DataGenerator.run(DataGenerator.java:59) ~[minecraft-merged-7c01c68faa-1.20.1-loom.mappings.1_20_1.layered+hash.1899487486-v2.jar:?]
	at net.fabricmc.fabric.impl.datagen.FabricDataGenHelper.runInternal(FabricDataGenHelper.java:145) ~[fabric-data-generation-api-v1-12.3.5+1802ada577.jar:?]
	at net.fabricmc.fabric.impl.datagen.FabricDataGenHelper.run(FabricDataGenHelper.java:89) ~[fabric-data-generation-api-v1-12.3.5+1802ada577.jar:?]
	at net.minecraft.client.Minecraft.handler$zmm000$fabric-data-generation-api-v1$main(Minecraft.java:6017) ~[minecraft-merged-7c01c68faa-1.20.1-loom.mappings.1_20_1.layered+hash.1899487486-v2.jar:?]
	at net.minecraft.client.Minecraft.<init>(Minecraft.java:468) ~[minecraft-merged-7c01c68faa-1.20.1-loom.mappings.1_20_1.layered+hash.1899487486-v2.jar:?]
	at net.minecraft.client.main.Main.main(Main.java:211) ~[minecraft-merged-7c01c68faa-1.20.1-loom.mappings.1_20_1.layered+hash.1899487486-v2.jar:?]
	at net.fabricmc.loader.impl.game.minecraft.MinecraftGameProvider.launch(MinecraftGameProvider.java:480) ~[fabric-loader-0.16.10.jar:?]
	at net.fabricmc.loader.impl.launch.knot.Knot.launch(Knot.java:74) ~[fabric-loader-0.16.10.jar:?]
	at net.fabricmc.loader.impl.launch.knot.KnotClient.main(KnotClient.java:23) ~[fabric-loader-0.16.10.jar:?]
	at net.fabricmc.devlaunchinjector.Main.main(Main.java:86) ~[dev-launch-injector-0.2.1+build.8.jar:?]
[02:46:21] [Render thread/WARN] (Minecraft) Failed to delete file C:\Users\lukec\OneDrive\Desktop\Starfish Projects\Starfish Bedrock Maps\Nook-and-Cranny\src\main\generated\logs\latest.log
java.nio.file.FileSystemException: C:\Users\lukec\OneDrive\Desktop\Starfish Projects\Starfish Bedrock Maps\Nook-and-Cranny\src\main\generated\logs\latest.log: The process cannot access the file because it is being used by another process
	at sun.nio.fs.WindowsException.translateToIOException(WindowsException.java:92) ~[?:?]
	at sun.nio.fs.WindowsException.rethrowAsIOException(WindowsException.java:103) ~[?:?]
	at sun.nio.fs.WindowsException.rethrowAsIOException(WindowsException.java:108) ~[?:?]
	at sun.nio.fs.WindowsFileSystemProvider.implDelete(WindowsFileSystemProvider.java:273) ~[?:?]
	at sun.nio.fs.AbstractFileSystemProvider.delete(AbstractFileSystemProvider.java:104) ~[?:?]
	at java.nio.file.Files.delete(Files.java:1152) ~[?:?]
	at net.minecraft.data.HashCache.method_43351(HashCache.java:226) ~[minecraft-merged-7c01c68faa-1.20.1-loom.mappings.1_20_1.layered+hash.1899487486-v2.jar:?]
	at java.util.stream.ForEachOps$ForEachOp$OfRef.accept(ForEachOps.java:184) ~[?:?]
	at java.util.stream.ReferencePipeline$3$1.accept(ReferencePipeline.java:197) ~[?:?]
	at java.util.Iterator.forEachRemaining(Iterator.java:133) ~[?:?]
	at java.util.Spliterators$IteratorSpliterator.forEachRemaining(Spliterators.java:1939) ~[?:?]
	at java.util.stream.AbstractPipeline.copyInto(AbstractPipeline.java:509) ~[?:?]
	at java.util.stream.AbstractPipeline.wrapAndCopyInto(AbstractPipeline.java:499) ~[?:?]
	at java.util.stream.ForEachOps$ForEachOp.evaluateSequential(ForEachOps.java:151) ~[?:?]
	at java.util.stream.ForEachOps$ForEachOp$OfRef.evaluateSequential(ForEachOps.java:174) ~[?:?]
	at java.util.stream.AbstractPipeline.evaluate(AbstractPipeline.java:234) ~[?:?]
	at java.util.stream.ReferencePipeline.forEach(ReferencePipeline.java:596) ~[?:?]
	at net.minecraft.data.HashCache.purgeStaleAndWrite(HashCache.java:214) ~[minecraft-merged-7c01c68faa-1.20.1-loom.mappings.1_20_1.layered+hash.1899487486-v2.jar:?]
	at net.minecraft.data.DataGenerator.run(DataGenerator.java:59) ~[minecraft-merged-7c01c68faa-1.20.1-loom.mappings.1_20_1.layered+hash.1899487486-v2.jar:?]
	at net.fabricmc.fabric.impl.datagen.FabricDataGenHelper.runInternal(FabricDataGenHelper.java:145) ~[fabric-data-generation-api-v1-12.3.5+1802ada577.jar:?]
	at net.fabricmc.fabric.impl.datagen.FabricDataGenHelper.run(FabricDataGenHelper.java:89) ~[fabric-data-generation-api-v1-12.3.5+1802ada577.jar:?]
	at net.minecraft.client.Minecraft.handler$zmm000$fabric-data-generation-api-v1$main(Minecraft.java:6017) ~[minecraft-merged-7c01c68faa-1.20.1-loom.mappings.1_20_1.layered+hash.1899487486-v2.jar:?]
	at net.minecraft.client.Minecraft.<init>(Minecraft.java:468) ~[minecraft-merged-7c01c68faa-1.20.1-loom.mappings.1_20_1.layered+hash.1899487486-v2.jar:?]
	at net.minecraft.client.main.Main.main(Main.java:211) ~[minecraft-merged-7c01c68faa-1.20.1-loom.mappings.1_20_1.layered+hash.1899487486-v2.jar:?]
	at net.fabricmc.loader.impl.game.minecraft.MinecraftGameProvider.launch(MinecraftGameProvider.java:480) ~[fabric-loader-0.16.10.jar:?]
	at net.fabricmc.loader.impl.launch.knot.Knot.launch(Knot.java:74) ~[fabric-loader-0.16.10.jar:?]
	at net.fabricmc.loader.impl.launch.knot.KnotClient.main(KnotClient.java:23) ~[fabric-loader-0.16.10.jar:?]
	at net.fabricmc.devlaunchinjector.Main.main(Main.java:86) ~[dev-launch-injector-0.2.1+build.8.jar:?]
[02:46:21] [Render thread/INFO] (Minecraft) Caching: total files: 663, old count: 650, new count: 651, removed stale: 13, written: 11
